<?xml version="1.0" encoding="UTF-8"?>
<testng-results ignored="0" total="2" passed="2" failed="0" skipped="0">
  <reporter-output>
  </reporter-output>
  <suite started-at="2023-03-09T08:14:22 ICT" name="ApiTest" finished-at="2023-03-09T08:14:24 ICT" duration-ms="1340">
    <groups>
    </groups>
    <test started-at="2023-03-09T08:14:22 ICT" name="Command line test" finished-at="2023-03-09T08:14:24 ICT" duration-ms="1340">
      <class name="ApiTest">
        <test-method signature="getResponseApi()[pri:0, instance:ApiTest@59474f18]" started-at="2023-03-09T08:14:22 ICT" name="getResponseApi" finished-at="2023-03-09T08:14:24 ICT" duration-ms="1180" status="PASS">
          <reporter-output>
          </reporter-output>
        </test-method> <!-- getResponseApi -->
        <test-method signature="getResponseApiAnother()[pri:0, instance:ApiTest@59474f18]" started-at="2023-03-09T08:14:24 ICT" name="getResponseApiAnother" finished-at="2023-03-09T08:14:24 ICT" duration-ms="138" status="PASS">
          <reporter-output>
          </reporter-output>
        </test-method> <!-- getResponseApiAnother -->
      </class> <!-- ApiTest -->
    </test> <!-- Command line test -->
  </suite> <!-- ApiTest -->
</testng-results>
